#
# There is insufficient memory for the Java Runtime Environment to continue.
# Native memory allocation (mmap) failed to map 266338304 bytes for G1 virtual space
# Possible reasons:
#   The system is out of physical RAM or swap space
#   The process is running with CompressedOops enabled, and the Java Heap may be blocking the growth of the native heap
# Possible solutions:
#   Reduce memory load on the system
#   Increase physical memory or swap space
#   Check if swap backing store is full
#   Decrease Java heap size (-Xmx/-Xms)
#   Decrease number of Java threads
#   Decrease Java thread stack sizes (-Xss)
#   Set larger code cache with -XX:ReservedCodeCacheSize=
#   JVM is running with Zero Based Compressed Oops mode in which the Java heap is
#     placed in the first 32GB address space. The Java Heap base address is the
#     maximum limit for the native heap growth. Please use -XX:HeapBaseMinAddress
#     to set the Java Heap base and to place the Java Heap above 32GB virtual address.
# This output file may be truncated or incomplete.
#
#  Out of Memory Error (os_windows.cpp:3771), pid=17908, tid=2780
#
# JRE version:  (17.0.7) (build )
# Java VM: OpenJDK 64-Bit Server VM (17.0.7+0-b2043.56-10550314, mixed mode, sharing, tiered, compressed oops, compressed class ptrs, g1 gc, windows-amd64)
# No core dump will be written. Minidumps are not enabled by default on client versions of Windows
#

---------------  S U M M A R Y ------------

Command Line: org.jetbrains.kotlin.cli.jvm.K2JVMCompiler @C:\Users\silleors\AndroidStudioProjects\WeatherAppCurse2\app\build\20240930_12285282347820774473.compiler.options

Host: Intel(R) Core(TM) i3-10105F CPU @ 3.70GHz, 8 cores, 15G,  Windows 10 , 64 bit Build 19041 (10.0.19041.4842)
Time: Mon Sep 30 16:39:01 2024 RTZ 8 (s 10 , 64 bit Build 19041 (10.0.19041.4842) elapsed time: 0.014717 seconds (0d 0h 0m 0s)

---------------  T H R E A D  ---------------

Current thread (0x0000028e99e71f10):  JavaThread "Unknown thread" [_thread_in_vm, id=2780, stack(0x00000091d1f00000,0x00000091d2000000)]

Stack: [0x00000091d1f00000,0x00000091d2000000]
Native frames: (J=compiled Java code, j=interpreted, Vv=VM code, C=native code)
V  [jvm.dll+0x683bfa]
V  [jvm.dll+0x8430a4]
V  [jvm.dll+0x8449be]
V  [jvm.dll+0x845023]
V  [jvm.dll+0x24ad2f]
V  [jvm.dll+0x680ac9]
V  [jvm.dll+0x67519a]
V  [jvm.dll+0x30b3cb]
V  [jvm.dll+0x312876]
V  [jvm.dll+0x36221e]
V  [jvm.dll+0x36244f]
V  [jvm.dll+0x2e14a8]
V  [jvm.dll+0x2e2414]
V  [jvm.dll+0x814391]
V  [jvm.dll+0x36ffe1]
V  [jvm.dll+0x7f396c]
V  [jvm.dll+0x3f305f]
V  [jvm.dll+0x3f4b91]
C  [jli.dll+0x528f]
C  [ucrtbase.dll+0x21bb2]
C  [KERNEL32.DLL+0x17374]
C  [ntdll.dll+0x4cc91]


---------------  P R O C E S S  ---------------

Threads class SMR info:
_java_thread_list=0x00007ffa5accd098, length=0, elements={
}

Java Threads: ( => current thread )

Other Threads:
  0x0000028e99eddda0 GCTaskThread "GC Thread#0" [stack: 0x00000091d2000000,0x00000091d2100000] [id=6660]
  0x0000028e99eefa00 ConcurrentGCThread "G1 Main Marker" [stack: 0x00000091d2100000,0x00000091d2200000] [id=17152]
  0x0000028e99ef0ac0 ConcurrentGCThread "G1 Conc#0" [stack: 0x00000091d2200000,0x00000091d2300000] [id=14900]

[error occurred during error reporting (printing all threads), id 0xc0000005, EXCEPTION_ACCESS_VIOLATION (0xc0000005) at pc=0x00007ffa5a482087]

VM state: not at safepoint (not fully initialized)

VM Mutex/Monitor currently owned by a thread:  ([mutex/lock_event])
[0x0000028e99e6df50] Heap_lock - owner thread: 0x0000028e99e71f10

Heap address: 0x0000000702000000, size: 4064 MB, Compressed Oops mode: Zero based, Oop shift amount: 3

CDS archive(s) mapped at: [0x0000000000000000-0x0000000000000000-0x0000000000000000), size 0, SharedBaseAddress: 0x0000000800000000, ArchiveRelocationMode: 0.
Narrow klass base: 0x0000000000000000, Narrow klass shift: 0, Narrow klass range: 0x0

GC Precious Log:
<Empty>

Heap:
 garbage-first heap   total 0K, used 0K [0x0000000702000000, 0x0000000800000000)
  region size 2048K, 0 young (0K), 0 survivors (0K)
 Metaspace       used 0K, committed 0K, reserved 0K
  class space    used 0K, committed 0K, reserved 0K

Heap Regions: E=young(eden), S=young(survivor), O=old, HS=humongous(starts), HC=humongous(continues), CS=collection set, F=free, OA=open archive, CA=closed archive, TAMS=top-at-mark-start (previous, next)

Card table byte_map: [0x0000028eaedb0000,0x0000028eaf5a0000] _byte_map_base: 0x0000028eab5a0000

Marking Bits (Prev, Next): (CMBitMap*) 0x0000028e99edf2d0, (CMBitMap*) 0x0000028e99edf310
 Prev Bits: [0x0000028eafd90000, 0x0000028eb3d10000)
 Next Bits: [0x0000028eb3d10000, 0x0000028eb7c90000)

GC Heap History (0 events):
No events

Dll operation events (1 events):
Event: 0.012 Loaded shared library E:\java.hz\jbr\bin\java.dll

Deoptimization events (0 events):
No events

Classes unloaded (0 events):
No events

Classes redefined (0 events):
No events

Internal exceptions (0 events):
No events

VM Operations (0 events):
No events

Events (0 events):
No events


Dynamic libraries:
0x00007ff636450000 - 0x00007ff63645a000 	E:\java.hz\jbr\bin\java.exe
0x00007ffa9abd0000 - 0x00007ffa9adc8000 	C:\Windows\SYSTEM32\ntdll.dll
0x00007ffa9a580000 - 0x00007ffa9a641000 	C:\Windows\System32\KERNEL32.DLL
0x00007ffa98530000 - 0x00007ffa9882d000 	C:\Windows\System32\KERNELBASE.dll
0x00007ffa98280000 - 0x00007ffa98380000 	C:\Windows\System32\ucrtbase.dll
0x00007ffa7eea0000 - 0x00007ffa7eebb000 	E:\java.hz\jbr\bin\VCRUNTIME140.dll
0x00007ffa80120000 - 0x00007ffa80137000 	E:\java.hz\jbr\bin\jli.dll
0x00007ffa99430000 - 0x00007ffa995cd000 	C:\Windows\System32\USER32.dll
0x00007ffa81ad0000 - 0x00007ffa81d6a000 	C:\Windows\WinSxS\amd64_microsoft.windows.common-controls_6595b64144ccf1df_6.0.19041.4355_none_60b8b9eb71f62e16\COMCTL32.dll
0x00007ffa98950000 - 0x00007ffa98972000 	C:\Windows\System32\win32u.dll
0x00007ffa98e10000 - 0x00007ffa98eae000 	C:\Windows\System32\msvcrt.dll
0x00007ffa99400000 - 0x00007ffa9942b000 	C:\Windows\System32\GDI32.dll
0x00007ffa98380000 - 0x00007ffa98497000 	C:\Windows\System32\gdi32full.dll
0x00007ffa989d0000 - 0x00007ffa98a6d000 	C:\Windows\System32\msvcp_win.dll
0x00007ffa9a7f0000 - 0x00007ffa9a81f000 	C:\Windows\System32\IMM32.DLL
0x00007ffa80930000 - 0x00007ffa8093c000 	E:\java.hz\jbr\bin\vcruntime140_1.dll
0x00007ffa74770000 - 0x00007ffa747fd000 	E:\java.hz\jbr\bin\msvcp140.dll
0x00007ffa5a190000 - 0x00007ffa5ae10000 	E:\java.hz\jbr\bin\server\jvm.dll
0x00007ffa9a170000 - 0x00007ffa9a220000 	C:\Windows\System32\ADVAPI32.dll
0x00007ffa9a0d0000 - 0x00007ffa9a170000 	C:\Windows\System32\sechost.dll
0x00007ffa9a6b0000 - 0x00007ffa9a7d3000 	C:\Windows\System32\RPCRT4.dll
0x00007ffa98a70000 - 0x00007ffa98a97000 	C:\Windows\System32\bcrypt.dll
0x00007ffa8adb0000 - 0x00007ffa8add7000 	C:\Windows\SYSTEM32\WINMM.dll
0x00007ffa8e6d0000 - 0x00007ffa8e6da000 	C:\Windows\SYSTEM32\VERSION.dll
0x00007ffa94f70000 - 0x00007ffa94f79000 	C:\Windows\SYSTEM32\WSOCK32.dll
0x00007ffa9a040000 - 0x00007ffa9a0ab000 	C:\Windows\System32\WS2_32.dll
0x00007ffa96ad0000 - 0x00007ffa96ae2000 	C:\Windows\SYSTEM32\kernel.appcore.dll
0x00007ffa94f00000 - 0x00007ffa94f0a000 	E:\java.hz\jbr\bin\jimage.dll
0x00007ffa95f80000 - 0x00007ffa96164000 	C:\Windows\SYSTEM32\DBGHELP.DLL
0x00007ffa7ebd0000 - 0x00007ffa7ec04000 	C:\Windows\SYSTEM32\dbgcore.DLL
0x00007ffa984a0000 - 0x00007ffa98522000 	C:\Windows\System32\bcryptPrimitives.dll
0x00007ffa83eb0000 - 0x00007ffa83ed5000 	E:\java.hz\jbr\bin\java.dll

dbghelp: loaded successfully - version: 4.0.5 - missing functions: none
symbol engine: initialized successfully - sym options: 0x614 - pdb path: .;E:\java.hz\jbr\bin;C:\Windows\SYSTEM32;C:\Windows\WinSxS\amd64_microsoft.windows.common-controls_6595b64144ccf1df_6.0.19041.4355_none_60b8b9eb71f62e16;E:\java.hz\jbr\bin\server

VM Arguments:
java_command: org.jetbrains.kotlin.cli.jvm.K2JVMCompiler @C:\Users\silleors\AndroidStudioProjects\WeatherAppCurse2\app\build\20240930_12285282347820774473.compiler.options
java_class_path (initial): C:\Users\silleors\.gradle\caches\modules-2\files-2.1\org.jetbrains.kotlin\kotlin-compiler-embeddable\1.9.22\9cd4dc7773cf2a99ecd961a88fbbc9a2da3fb5e1\kotlin-compiler-embeddable-1.9.22.jar;C:\Users\silleors\.gradle\caches\modules-2\files-2.1\org.jetbrains.kotlin\kotlin-stdlib\1.9.22\d6c44cd08d8f3f9bece8101216dbe6553365c6e3\kotlin-stdlib-1.9.22.jar;C:\Users\silleors\.gradle\caches\modules-2\files-2.1\org.jetbrains.kotlin\kotlin-script-runtime\1.9.22\f8139a46fc677ec9badc49ae954392f4f5e7e7c7\kotlin-script-runtime-1.9.22.jar;C:\Users\silleors\.gradle\caches\modules-2\files-2.1\org.jetbrains.kotlin\kotlin-reflect\1.6.10\1cbe9c92c12a94eea200d23c2bbaedaf3daf5132\kotlin-reflect-1.6.10.jar;C:\Users\silleors\.gradle\caches\modules-2\files-2.1\org.jetbrains.kotlin\kotlin-daemon-embeddable\1.9.22\20e2c5df715f3240c765cfc222530e2796542021\kotlin-daemon-embeddable-1.9.22.jar;C:\Users\silleors\.gradle\caches\modules-2\files-2.1\org.jetbrains.intellij.deps\trove4j\1.0.20200330\3afb14d5f9ceb459d724e907a21145e8ff394f02\trove4j-1.0.20200330.jar;C:\Users\silleors\.gradle\caches\modules-2\files-2.1\org.jetbrains\annotations\13.0\919f0dfe192fb4e063e7dacadee7f8bb9a2672a9\annotations-13.0.jar
Launcher Type: SUN_STANDARD

[Global flags]
     intx CICompilerCount                          = 4                                         {product} {ergonomic}
     uint ConcGCThreads                            = 2                                         {product} {ergonomic}
     uint G1ConcRefinementThreads                  = 8                                         {product} {ergonomic}
   size_t G1HeapRegionSize                         = 2097152                                   {product} {ergonomic}
    uintx GCDrainStackTargetSize                   = 64                                        {product} {ergonomic}
   size_t InitialHeapSize                          = 266338304                                 {product} {ergonomic}
   size_t MarkStackSize                            = 4194304                                   {product} {ergonomic}
   size_t MaxHeapSize                              = 4261412864                                {product} {ergonomic}
   size_t MinHeapDeltaBytes                        = 2097152                                   {product} {ergonomic}
   size_t MinHeapSize                              = 8388608                                   {product} {ergonomic}
    uintx NonNMethodCodeHeapSize                   = 5839372                                {pd product} {ergonomic}
    uintx NonProfiledCodeHeapSize                  = 122909434                              {pd product} {ergonomic}
    uintx ProfiledCodeHeapSize                     = 122909434                              {pd product} {ergonomic}
    uintx ReservedCodeCacheSize                    = 251658240                              {pd product} {ergonomic}
     bool SegmentedCodeCache                       = true                                      {product} {ergonomic}
   size_t SoftMaxHeapSize                          = 4261412864                             {manageable} {ergonomic}
     bool UseCompressedClassPointers               = true                           {product lp64_product} {ergonomic}
     bool UseCompressedOops                        = true                           {product lp64_product} {ergonomic}
     bool UseG1GC                                  = true                                      {product} {ergonomic}
     bool UseLargePagesIndividualAllocation        = false                                  {pd product} {ergonomic}

Logging:
Log output configuration:
 #0: stdout all=warning uptime,level,tags
 #1: stderr all=off uptime,level,tags

Environment Variables:
PATH=E:\python\Scripts\;E:\python\;C:\Windows\system32;C:\Windows;C:\Windows\System32\Wbem;C:\Windows\System32\WindowsPowerShell\v1.0\;C:\Windows\System32\OpenSSH\;C:\Program Files\Microsoft SQL Server\150\Tools\Binn\;C:\Program Files\Microsoft SQL Server\Client SDK\ODBC\170\Tools\Binn\;C:\Program Files (x86)\Microsoft SQL Server\150\Tools\Binn\;C:\Program Files\Microsoft SQL Server\150\DTS\Binn\;C:\Program Files (x86)\Microsoft SQL Server\160\DTS\Binn\;C:\Program Files\Azure Data Studio\bin;C:\Program Files\Git\cmd;C:\Program Files (x86)\Windows Kits\10\Windows Performance Toolkit\;C:\Users\silleors\AppData\Local\Programs\Python\Launcher\;C:\Users\silleors\AppData\Local\Microsoft\WindowsApps;C:\Program Files\Azure Data Studio\bin
USERNAME=silleors
OS=Windows_NT
PROCESSOR_IDENTIFIER=Intel64 Family 6 Model 165 Stepping 3, GenuineIntel
TMP=C:\Users\silleors\AppData\Local\Temp
TEMP=C:\Users\silleors\AppData\Local\Temp


JNI global refs:
JNI global refs: 0, weak refs: 0

JNI global refs memory usage: 0, weak refs: 0

OOME stack traces (most recent first):
Classloader memory used:


---------------  S Y S T E M  ---------------

OS:
 Windows 10 , 64 bit Build 19041 (10.0.19041.4842)
OS uptime: 0 days 4:31 hours

CPU: total 8 (initial active 8) (4 cores per cpu, 2 threads per core) family 6 model 165 stepping 3 microcode 0xe0, cx8, cmov, fxsr, ht, mmx, 3dnowpref, sse, sse2, sse3, ssse3, sse4.1, sse4.2, popcnt, lzcnt, tsc, tscinvbit, avx, avx2, aes, erms, clmul, bmi1, bmi2, adx, fma, vzeroupper, clflush, clflushopt

Memory: 4k page, system-wide physical 16253M (4341M free)
TotalPageFile size 18314M (AvailPageFile size 46M)
current process WorkingSet (physical memory assigned to process): 10M, peak: 10M
current process commit charge ("private bytes"): 60M, peak: 314M

vm_info: OpenJDK 64-Bit Server VM (17.0.7+0-b2043.56-10550314) for windows-amd64 JRE (17.0.7+0-b2043.56-10550314), built on Jul 24 2023 18:27:45 by "androidbuild" with MS VC++ 16.10 / 16.11 (VS2019)

END.
